<?xml version="1.0" encoding="UTF-8"?>
<!-- Generated by org.testng.reporters.JUnitReportReporter -->
<testsuite hostname="DESKTOP-4TK4647" failures="0" tests="3" name="com.assignment.test.DynamicFunctions" time="5.492" errors="0" timestamp="2024-09-22T15:06:57 IST" skipped="0">
  <testcase classname="com.assignment.test.DynamicFunctions" name="searchItem" time="4.701"/>
  <system-out/>
  <testcase classname="com.assignment.test.DynamicFunctions" name="findDynamicElements" time="0.682"/>
  <system-out/>
  <testcase classname="com.assignment.test.DynamicFunctions" name="findLinks" time="0.109"/>
  <system-out/>
</testsuite> <!-- com.assignment.test.DynamicFunctions -->
