<?xml version="1.0" encoding="UTF-8"?>
<!-- Generated by org.testng.reporters.JUnitReportReporter -->
<testsuite hostname="DESKTOP-4TK4647" failures="0" tests="5" name="com.assignment.test.NavigationToPages" time="12.286" errors="0" timestamp="2024-09-22T13:35:08 IST" skipped="0">
  <testcase classname="com.assignment.test.NavigationToPages" name="navigateToAmazonPage" time="3.058"/>
  <system-out/>
  <testcase classname="com.assignment.test.NavigationToPages" name="navigateToWikipediaPage" time="1.491"/>
  <system-out/>
  <testcase classname="com.assignment.test.NavigationToPages" name="navigateBack" time="3.239"/>
  <system-out/>
  <testcase classname="com.assignment.test.NavigationToPages" name="navigateForward" time="2.170"/>
  <system-out/>
  <testcase classname="com.assignment.test.NavigationToPages" name="refreshPage" time="2.328"/>
  <system-out/>
</testsuite> <!-- com.assignment.test.NavigationToPages -->
