<?xml version="1.0" encoding="UTF-8"?>
<!-- Generated by org.testng.reporters.JUnitReportReporter -->
<testsuite hostname="DESKTOP-4TK4647" failures="0" tests="2" name="com.assignment.test.FormElements" time="0.684" errors="0" timestamp="2024-09-22T14:26:02 IST" skipped="0">
  <testcase classname="com.assignment.test.FormElements" name="Textfields" time="0.526"/>
  <system-out/>
  <testcase classname="com.assignment.test.FormElements" name="checkboxenable" time="0.158"/>
  <system-out/>
</testsuite> <!-- com.assignment.test.FormElements -->
